<?xml version="1.0" encoding="UTF-8"?>
<!-- Generated by org.testng.reporters.JUnitXMLReporter -->
<testsuite hostname="DESKTOP-7RJ4QGI" ignored="0" name="Loginmodule" tests="2" failures="0" timestamp="2021-01-02T19:14:27 BDT" time="15.331" errors="0">
  <testcase name="homepagetitleverify" time="11.089" classname="com.bitem.seleniumonlineproject3.test.LoginTest"/>
  <testcase name="logintest" time="4.181" classname="com.bitem.seleniumonlineproject3.test.LoginTest"/>
</testsuite> <!-- Loginmodule -->
