<?xml version="1.0" encoding="UTF-8"?>
<testng-results skipped="0" failed="0" ignored="0" total="3" passed="3">
  <reporter-output>
  </reporter-output>
  <suite name="SeleniumOnlineProject3" duration-ms="23063" started-at="2021-01-02T19:14:12 BDT" finished-at="2021-01-02T19:14:35 BDT">
    <groups>
    </groups>
    <test name="Loginmodule" duration-ms="15331" started-at="2021-01-02T19:14:12 BDT" finished-at="2021-01-02T19:14:27 BDT">
      <class name="com.bitem.seleniumonlineproject3.test.LoginTest">
        <test-method status="PASS" signature="homepagetitleverify()[pri:0, instance:com.bitem.seleniumonlineproject3.test.LoginTest@5e853265]" name="homepagetitleverify" duration-ms="11089" started-at="2021-01-02T19:14:12 BDT" finished-at="2021-01-02T19:14:23 BDT">
          <reporter-output>
          </reporter-output>
        </test-method> <!-- homepagetitleverify -->
        <test-method status="PASS" signature="logintest()[pri:0, instance:com.bitem.seleniumonlineproject3.test.LoginTest@5e853265]" name="logintest" duration-ms="4181" started-at="2021-01-02T19:14:23 BDT" depends-on-methods="com.bitem.seleniumonlineproject3.test.LoginTest.homepagetitleverify" finished-at="2021-01-02T19:14:27 BDT">
          <reporter-output>
          </reporter-output>
        </test-method> <!-- logintest -->
      </class> <!-- com.bitem.seleniumonlineproject3.test.LoginTest -->
    </test> <!-- Loginmodule -->
    <test name="AssignLeavemodule" duration-ms="7691" started-at="2021-01-02T19:14:27 BDT" finished-at="2021-01-02T19:14:35 BDT">
      <class name="com.bitem.seleniumonlineproject3.test.AssignLeaveTest">
        <test-method status="PASS" signature="leavepagetitleverify()[pri:0, instance:com.bitem.seleniumonlineproject3.test.AssignLeaveTest@33f88ab]" name="leavepagetitleverify" duration-ms="7687" started-at="2021-01-02T19:14:27 BDT" finished-at="2021-01-02T19:14:35 BDT">
          <reporter-output>
          </reporter-output>
        </test-method> <!-- leavepagetitleverify -->
      </class> <!-- com.bitem.seleniumonlineproject3.test.AssignLeaveTest -->
    </test> <!-- AssignLeavemodule -->
  </suite> <!-- SeleniumOnlineProject3 -->
</testng-results>
